#
# There is insufficient memory for the Java Runtime Environment to continue.
# Native memory allocation (malloc) failed to allocate 1100416 bytes for Chunk::new
# Possible reasons:
#   The system is out of physical RAM or swap space
#   The process is running with CompressedOops enabled, and the Java Heap may be blocking the growth of the native heap
# Possible solutions:
#   Reduce memory load on the system
#   Increase physical memory or swap space
#   Check if swap backing store is full
#   Decrease Java heap size (-Xmx/-Xms)
#   Decrease number of Java threads
#   Decrease Java thread stack sizes (-Xss)
#   Set larger code cache with -XX:ReservedCodeCacheSize=
#   JVM is running with Unscaled Compressed Oops mode in which the Java heap is
#     placed in the first 4GB address space. The Java Heap base address is the
#     maximum limit for the native heap growth. Please use -XX:HeapBaseMinAddress
#     to set the Java Heap base and to place the Java Heap above 4GB virtual address.
# This output file may be truncated or incomplete.
#
#  Out of Memory Error (./open/src/hotspot/share/memory/arena.cpp:195), pid=7036, tid=15932
#
# JRE version: Java(TM) SE Runtime Environment (15.0.1+9) (build 15.0.1+9-18)
# Java VM: Java HotSpot(TM) 64-Bit Server VM (15.0.1+9-18, mixed mode, sharing, tiered, compressed oops, g1 gc, windows-amd64)
# No core dump will be written. Minidumps are not enabled by default on client versions of Windows
#

---------------  S U M M A R Y ------------

Command Line: --add-opens=java.base/java.util=ALL-UNNAMED --add-opens=java.base/java.lang=ALL-UNNAMED --add-opens=java.base/java.lang.invoke=ALL-UNNAMED --add-opens=java.prefs/java.util.prefs=ALL-UNNAMED -XX:MaxMetaspaceSize=256m -XX:+HeapDumpOnOutOfMemoryError -Xms256m -Xmx512m -Dfile.encoding=windows-1250 -Duser.country=PL -Duser.language=pl -Duser.variant org.gradle.launcher.daemon.bootstrap.GradleDaemon 6.7.1

Host: Intel(R) Celeron(R) N4000 CPU @ 1.10GHz, 2 cores, 3G,  Windows 10 , 64 bit Build 18362 (10.0.18362.1350)
Time: Fri Mar  5 15:01:57 2021 ?rodkowoeuropejski czas stand. elapsed time: 11.594704 seconds (0d 0h 0m 11s)

---------------  T H R E A D  ---------------

Current thread (0x000002436c30ff40):  JavaThread "C2 CompilerThread0" daemon [_thread_in_native, id=15932, stack(0x0000006ed9f00000,0x0000006eda000000)]


Current CompileTask:
C2:  11595 1999   !   4       java.lang.ClassLoader::loadClass (122 bytes)

Stack: [0x0000006ed9f00000,0x0000006eda000000]
Native frames: (J=compiled Java code, j=interpreted, Vv=VM code, C=native code)
V  [jvm.dll+0x62ae9a]
V  [jvm.dll+0x781389]
V  [jvm.dll+0x782ae3]
V  [jvm.dll+0x783143]
V  [jvm.dll+0x216265]
V  [jvm.dll+0x97efa]
V  [jvm.dll+0x985dc]
V  [jvm.dll+0x27a1bf]
V  [jvm.dll+0x5408d4]
V  [jvm.dll+0x1f3064]
V  [jvm.dll+0x1eca31]
V  [jvm.dll+0x1e97a7]
V  [jvm.dll+0x1784c7]
V  [jvm.dll+0x1f9165]
V  [jvm.dll+0x1f720c]
V  [jvm.dll+0x74485d]
V  [jvm.dll+0x73d65a]
V  [jvm.dll+0x629c56]
C  [ucrtbase.dll+0x210b2]
C  [KERNEL32.DLL+0x17c24]
C  [ntdll.dll+0x6d721]


---------------  P R O C E S S  ---------------

Threads class SMR info:
_java_thread_list=0x000002436e9bd620, length=24, elements={
0x0000024351d23d50, 0x000002436c2e8300, 0x000002436c2ece00, 0x000002436c30afb0,
0x000002436c30c880, 0x000002436c30d240, 0x000002436c30ff40, 0x000002436cc988a0,
0x000002436c36b470, 0x000002436cd4afd0, 0x000002436cd55700, 0x000002436e7ff6d0,
0x000002436d222940, 0x000002436d21f8b0, 0x000002436e844080, 0x000002436cee5bf0,
0x000002436d1a4040, 0x000002436d1a49f0, 0x000002436d1a4ec0, 0x000002436d1a5390,
0x000002436e760a20, 0x000002436e7613c0, 0x000002436e760ef0, 0x000002436e763a40
}

Java Threads: ( => current thread )
  0x0000024351d23d50 JavaThread "main" [_thread_blocked, id=7064, stack(0x0000006ed9300000,0x0000006ed9400000)]
  0x000002436c2e8300 JavaThread "Reference Handler" daemon [_thread_blocked, id=7308, stack(0x0000006ed9a00000,0x0000006ed9b00000)]
  0x000002436c2ece00 JavaThread "Finalizer" daemon [_thread_blocked, id=8636, stack(0x0000006ed9b00000,0x0000006ed9c00000)]
  0x000002436c30afb0 JavaThread "Signal Dispatcher" daemon [_thread_blocked, id=17364, stack(0x0000006ed9c00000,0x0000006ed9d00000)]
  0x000002436c30c880 JavaThread "Attach Listener" daemon [_thread_blocked, id=14704, stack(0x0000006ed9d00000,0x0000006ed9e00000)]
  0x000002436c30d240 JavaThread "Service Thread" daemon [_thread_blocked, id=15004, stack(0x0000006ed9e00000,0x0000006ed9f00000)]
=>0x000002436c30ff40 JavaThread "C2 CompilerThread0" daemon [_thread_in_native, id=15932, stack(0x0000006ed9f00000,0x0000006eda000000)]
  0x000002436cc988a0 JavaThread "C1 CompilerThread0" daemon [_thread_blocked, id=11156, stack(0x0000006eda000000,0x0000006eda100000)]
  0x000002436c36b470 JavaThread "Sweeper thread" daemon [_thread_blocked, id=16296, stack(0x0000006eda100000,0x0000006eda200000)]
  0x000002436cd4afd0 JavaThread "Common-Cleaner" daemon [_thread_blocked, id=1384, stack(0x0000006eda200000,0x0000006eda300000)]
  0x000002436cd55700 JavaThread "Notification Thread" daemon [_thread_blocked, id=16556, stack(0x0000006eda300000,0x0000006eda400000)]
  0x000002436e7ff6d0 JavaThread "Daemon health stats" [_thread_blocked, id=16628, stack(0x0000006eda600000,0x0000006eda700000)]
  0x000002436d222940 JavaThread "Incoming local TCP Connector on port 58338" [_thread_in_native, id=14300, stack(0x0000006eda900000,0x0000006edaa00000)]
  0x000002436d21f8b0 JavaThread "Daemon periodic checks" [_thread_blocked, id=6772, stack(0x0000006edaa00000,0x0000006edab00000)]
  0x000002436e844080 JavaThread "Daemon" [_thread_blocked, id=13736, stack(0x0000006edab00000,0x0000006edac00000)]
  0x000002436cee5bf0 JavaThread "Handler for socket connection from /127.0.0.1:58338 to /127.0.0.1:58340" [_thread_in_native, id=13080, stack(0x0000006edac00000,0x0000006edad00000)]
  0x000002436d1a4040 JavaThread "Cancel handler" [_thread_blocked, id=10156, stack(0x0000006edad00000,0x0000006edae00000)]
  0x000002436d1a49f0 JavaThread "Daemon worker" [_thread_in_vm, id=15868, stack(0x0000006edae00000,0x0000006edaf00000)]
  0x000002436d1a4ec0 JavaThread "Asynchronous log dispatcher for DefaultDaemonConnection: socket connection from /127.0.0.1:58338 to /127.0.0.1:58340" [_thread_blocked, id=6668, stack(0x0000006edaf00000,0x0000006edb000000)]
  0x000002436d1a5390 JavaThread "Stdin handler" [_thread_blocked, id=16532, stack(0x0000006edb000000,0x0000006edb100000)]
  0x000002436e760a20 JavaThread "Thread-8" [_thread_blocked, id=12568, stack(0x0000006edb100000,0x0000006edb200000)]
  0x000002436e7613c0 JavaThread "Cache worker for file hash cache (C:\Users\evqen\.gradle\caches\6.7.1\fileHashes)" [_thread_blocked, id=6728, stack(0x0000006edb200000,0x0000006edb300000)]
  0x000002436e760ef0 JavaThread "File lock request listener" [_thread_in_native, id=14280, stack(0x0000006edb300000,0x0000006edb400000)]
  0x000002436e763a40 JavaThread "Cache worker for journal cache (C:\Users\evqen\.gradle\caches\journal-1)" [_thread_blocked, id=6784, stack(0x0000006edb400000,0x0000006edb500000)]

Other Threads:
  0x000002436c2e0540 VMThread "VM Thread" [stack: 0x0000006ed9900000,0x0000006ed9a00000] [id=1140]
  0x000002436cd55bd0 WatcherThread [stack: 0x0000006eda400000,0x0000006eda500000] [id=13692]
  0x0000024351d4a920 GCTaskThread "GC Thread#0" [stack: 0x0000006ed9400000,0x0000006ed9500000] [id=16924]
  0x000002436d1eece0 GCTaskThread "GC Thread#1" [stack: 0x0000006eda500000,0x0000006eda600000] [id=17236]
  0x0000024351d50990 ConcurrentGCThread "G1 Main Marker" [stack: 0x0000006ed9500000,0x0000006ed9600000] [id=12684]
  0x0000024351d51490 ConcurrentGCThread "G1 Conc#0" [stack: 0x0000006ed9600000,0x0000006ed9700000] [id=16400]
  0x0000024351deca30 ConcurrentGCThread "G1 Refine#0" [stack: 0x0000006ed9700000,0x0000006ed9800000] [id=16412]
  0x0000024351dee3f0 ConcurrentGCThread "G1 Young RemSet Sampling" [stack: 0x0000006ed9800000,0x0000006ed9900000] [id=16168]

Threads with active compile tasks:
C2 CompilerThread0    11666 1999   !   4       java.lang.ClassLoader::loadClass (122 bytes)

VM state: not at safepoint (normal execution)

VM Mutex/Monitor currently owned by a thread: None

Heap address: 0x00000000e0000000, size: 512 MB, Compressed Oops mode: 32-bit
CDS archive(s) mapped at: [0x0000000800000000-0x0000000800b50000-0x0000000800b50000), size 11862016, SharedBaseAddress: 0x0000000800000000, ArchiveRelocationMode: 0.
Compressed class space mapped at: 0x0000000800b50000-0x0000000810350000, size: 260046848
Narrow klass base: 0x0000000800000000, Narrow klass shift: 3, Narrow klass range: 0x100000000

GC Precious Log:
 CPUs: 2 total, 2 available
 Memory: 3919M
 Large Page Support: Disabled
 NUMA Support: Disabled
 Compressed Oops: Enabled (32-bit)
 Heap Region Size: 1M
 Heap Min Capacity: 256M
 Heap Initial Capacity: 256M
 Heap Max Capacity: 512M
 Pre-touch: Disabled
 Parallel Workers: 2
 Concurrent Workers: 1
 Concurrent Refinement Workers: 2
 Periodic GC: Disabled

Heap:
 garbage-first heap   total 262144K, used 51415K [0x00000000e0000000, 0x0000000100000000)
  region size 1024K, 42 young (43008K), 4 survivors (4096K)
 Metaspace       used 13884K, capacity 14359K, committed 14464K, reserved 266240K
  class space    used 1936K, capacity 2084K, committed 2176K, reserved 253952K

Heap Regions: E=young(eden), S=young(survivor), O=old, HS=humongous(starts), HC=humongous(continues), CS=collection set, F=free, OA=open archive, CA=closed archive, TAMS=top-at-mark-start (previous, next)
|   0|0x00000000e0000000, 0x00000000e0100000, 0x00000000e0100000|100%| O|  |TAMS 0x00000000e0000000, 0x00000000e0000000| Untracked 
|   1|0x00000000e0100000, 0x00000000e0200000, 0x00000000e0200000|100%| O|  |TAMS 0x00000000e0100000, 0x00000000e0100000| Untracked 
|   2|0x00000000e0200000, 0x00000000e0300000, 0x00000000e0300000|100%| O|  |TAMS 0x00000000e0200000, 0x00000000e0200000| Untracked 
|   3|0x00000000e0300000, 0x00000000e0400000, 0x00000000e0400000|100%|HS|  |TAMS 0x00000000e0300000, 0x00000000e0300000| Complete 
|   4|0x00000000e0400000, 0x00000000e0500000, 0x00000000e0500000|100%|HC|  |TAMS 0x00000000e0400000, 0x00000000e0400000| Complete 
|   5|0x00000000e0500000, 0x00000000e0600000, 0x00000000e0600000|100%|HC|  |TAMS 0x00000000e0500000, 0x00000000e0500000| Complete 
|   6|0x00000000e0600000, 0x00000000e0700000, 0x00000000e0700000|100%| O|  |TAMS 0x00000000e0600000, 0x00000000e0600000| Untracked 
|   7|0x00000000e0700000, 0x00000000e0800000, 0x00000000e0800000|100%| O|  |TAMS 0x00000000e0700000, 0x00000000e0700000| Untracked 
|   8|0x00000000e0800000, 0x00000000e0900000, 0x00000000e0900000|100%| O|  |TAMS 0x00000000e0800000, 0x00000000e0800000| Untracked 
|   9|0x00000000e0900000, 0x00000000e0935c00, 0x00000000e0a00000| 20%| O|  |TAMS 0x00000000e0900000, 0x00000000e0900000| Untracked 
|  10|0x00000000e0a00000, 0x00000000e0a00000, 0x00000000e0b00000|  0%| F|  |TAMS 0x00000000e0a00000, 0x00000000e0a00000| Untracked 
|  11|0x00000000e0b00000, 0x00000000e0b00000, 0x00000000e0c00000|  0%| F|  |TAMS 0x00000000e0b00000, 0x00000000e0b00000| Untracked 
|  12|0x00000000e0c00000, 0x00000000e0c00000, 0x00000000e0d00000|  0%| F|  |TAMS 0x00000000e0c00000, 0x00000000e0c00000| Untracked 
|  13|0x00000000e0d00000, 0x00000000e0d00000, 0x00000000e0e00000|  0%| F|  |TAMS 0x00000000e0d00000, 0x00000000e0d00000| Untracked 
|  14|0x00000000e0e00000, 0x00000000e0e00000, 0x00000000e0f00000|  0%| F|  |TAMS 0x00000000e0e00000, 0x00000000e0e00000| Untracked 
|  15|0x00000000e0f00000, 0x00000000e0f00000, 0x00000000e1000000|  0%| F|  |TAMS 0x00000000e0f00000, 0x00000000e0f00000| Untracked 
|  16|0x00000000e1000000, 0x00000000e1000000, 0x00000000e1100000|  0%| F|  |TAMS 0x00000000e1000000, 0x00000000e1000000| Untracked 
|  17|0x00000000e1100000, 0x00000000e1100000, 0x00000000e1200000|  0%| F|  |TAMS 0x00000000e1100000, 0x00000000e1100000| Untracked 
|  18|0x00000000e1200000, 0x00000000e1200000, 0x00000000e1300000|  0%| F|  |TAMS 0x00000000e1200000, 0x00000000e1200000| Untracked 
|  19|0x00000000e1300000, 0x00000000e1300000, 0x00000000e1400000|  0%| F|  |TAMS 0x00000000e1300000, 0x00000000e1300000| Untracked 
|  20|0x00000000e1400000, 0x00000000e1400000, 0x00000000e1500000|  0%| F|  |TAMS 0x00000000e1400000, 0x00000000e1400000| Untracked 
|  21|0x00000000e1500000, 0x00000000e1500000, 0x00000000e1600000|  0%| F|  |TAMS 0x00000000e1500000, 0x00000000e1500000| Untracked 
|  22|0x00000000e1600000, 0x00000000e1600000, 0x00000000e1700000|  0%| F|  |TAMS 0x00000000e1600000, 0x00000000e1600000| Untracked 
|  23|0x00000000e1700000, 0x00000000e1700000, 0x00000000e1800000|  0%| F|  |TAMS 0x00000000e1700000, 0x00000000e1700000| Untracked 
|  24|0x00000000e1800000, 0x00000000e1800000, 0x00000000e1900000|  0%| F|  |TAMS 0x00000000e1800000, 0x00000000e1800000| Untracked 
|  25|0x00000000e1900000, 0x00000000e1900000, 0x00000000e1a00000|  0%| F|  |TAMS 0x00000000e1900000, 0x00000000e1900000| Untracked 
|  26|0x00000000e1a00000, 0x00000000e1a00000, 0x00000000e1b00000|  0%| F|  |TAMS 0x00000000e1a00000, 0x00000000e1a00000| Untracked 
|  27|0x00000000e1b00000, 0x00000000e1b00000, 0x00000000e1c00000|  0%| F|  |TAMS 0x00000000e1b00000, 0x00000000e1b00000| Untracked 
|  28|0x00000000e1c00000, 0x00000000e1c00000, 0x00000000e1d00000|  0%| F|  |TAMS 0x00000000e1c00000, 0x00000000e1c00000| Untracked 
|  29|0x00000000e1d00000, 0x00000000e1d00000, 0x00000000e1e00000|  0%| F|  |TAMS 0x00000000e1d00000, 0x00000000e1d00000| Untracked 
|  30|0x00000000e1e00000, 0x00000000e1e00000, 0x00000000e1f00000|  0%| F|  |TAMS 0x00000000e1e00000, 0x00000000e1e00000| Untracked 
|  31|0x00000000e1f00000, 0x00000000e1f00000, 0x00000000e2000000|  0%| F|  |TAMS 0x00000000e1f00000, 0x00000000e1f00000| Untracked 
|  32|0x00000000e2000000, 0x00000000e2000000, 0x00000000e2100000|  0%| F|  |TAMS 0x00000000e2000000, 0x00000000e2000000| Untracked 
|  33|0x00000000e2100000, 0x00000000e2100000, 0x00000000e2200000|  0%| F|  |TAMS 0x00000000e2100000, 0x00000000e2100000| Untracked 
|  34|0x00000000e2200000, 0x00000000e2200000, 0x00000000e2300000|  0%| F|  |TAMS 0x00000000e2200000, 0x00000000e2200000| Untracked 
|  35|0x00000000e2300000, 0x00000000e2300000, 0x00000000e2400000|  0%| F|  |TAMS 0x00000000e2300000, 0x00000000e2300000| Untracked 
|  36|0x00000000e2400000, 0x00000000e2400000, 0x00000000e2500000|  0%| F|  |TAMS 0x00000000e2400000, 0x00000000e2400000| Untracked 
|  37|0x00000000e2500000, 0x00000000e2500000, 0x00000000e2600000|  0%| F|  |TAMS 0x00000000e2500000, 0x00000000e2500000| Untracked 
|  38|0x00000000e2600000, 0x00000000e2600000, 0x00000000e2700000|  0%| F|  |TAMS 0x00000000e2600000, 0x00000000e2600000| Untracked 
|  39|0x00000000e2700000, 0x00000000e2700000, 0x00000000e2800000|  0%| F|  |TAMS 0x00000000e2700000, 0x00000000e2700000| Untracked 
|  40|0x00000000e2800000, 0x00000000e2800000, 0x00000000e2900000|  0%| F|  |TAMS 0x00000000e2800000, 0x00000000e2800000| Untracked 
|  41|0x00000000e2900000, 0x00000000e2900000, 0x00000000e2a00000|  0%| F|  |TAMS 0x00000000e2900000, 0x00000000e2900000| Untracked 
|  42|0x00000000e2a00000, 0x00000000e2a00000, 0x00000000e2b00000|  0%| F|  |TAMS 0x00000000e2a00000, 0x00000000e2a00000| Untracked 
|  43|0x00000000e2b00000, 0x00000000e2b00000, 0x00000000e2c00000|  0%| F|  |TAMS 0x00000000e2b00000, 0x00000000e2b00000| Untracked 
|  44|0x00000000e2c00000, 0x00000000e2c00000, 0x00000000e2d00000|  0%| F|  |TAMS 0x00000000e2c00000, 0x00000000e2c00000| Untracked 
|  45|0x00000000e2d00000, 0x00000000e2d00000, 0x00000000e2e00000|  0%| F|  |TAMS 0x00000000e2d00000, 0x00000000e2d00000| Untracked 
|  46|0x00000000e2e00000, 0x00000000e2e00000, 0x00000000e2f00000|  0%| F|  |TAMS 0x00000000e2e00000, 0x00000000e2e00000| Untracked 
|  47|0x00000000e2f00000, 0x00000000e2f00000, 0x00000000e3000000|  0%| F|  |TAMS 0x00000000e2f00000, 0x00000000e2f00000| Untracked 
|  48|0x00000000e3000000, 0x00000000e3000000, 0x00000000e3100000|  0%| F|  |TAMS 0x00000000e3000000, 0x00000000e3000000| Untracked 
|  49|0x00000000e3100000, 0x00000000e3100000, 0x00000000e3200000|  0%| F|  |TAMS 0x00000000e3100000, 0x00000000e3100000| Untracked 
|  50|0x00000000e3200000, 0x00000000e3200000, 0x00000000e3300000|  0%| F|  |TAMS 0x00000000e3200000, 0x00000000e3200000| Untracked 
|  51|0x00000000e3300000, 0x00000000e3300000, 0x00000000e3400000|  0%| F|  |TAMS 0x00000000e3300000, 0x00000000e3300000| Untracked 
|  52|0x00000000e3400000, 0x00000000e3400000, 0x00000000e3500000|  0%| F|  |TAMS 0x00000000e3400000, 0x00000000e3400000| Untracked 
|  53|0x00000000e3500000, 0x00000000e3500000, 0x00000000e3600000|  0%| F|  |TAMS 0x00000000e3500000, 0x00000000e3500000| Untracked 
|  54|0x00000000e3600000, 0x00000000e3600000, 0x00000000e3700000|  0%| F|  |TAMS 0x00000000e3600000, 0x00000000e3600000| Untracked 
|  55|0x00000000e3700000, 0x00000000e3700000, 0x00000000e3800000|  0%| F|  |TAMS 0x00000000e3700000, 0x00000000e3700000| Untracked 
|  56|0x00000000e3800000, 0x00000000e3800000, 0x00000000e3900000|  0%| F|  |TAMS 0x00000000e3800000, 0x00000000e3800000| Untracked 
|  57|0x00000000e3900000, 0x00000000e3900000, 0x00000000e3a00000|  0%| F|  |TAMS 0x00000000e3900000, 0x00000000e3900000| Untracked 
|  58|0x00000000e3a00000, 0x00000000e3a00000, 0x00000000e3b00000|  0%| F|  |TAMS 0x00000000e3a00000, 0x00000000e3a00000| Untracked 
|  59|0x00000000e3b00000, 0x00000000e3b00000, 0x00000000e3c00000|  0%| F|  |TAMS 0x00000000e3b00000, 0x00000000e3b00000| Untracked 
|  60|0x00000000e3c00000, 0x00000000e3c00000, 0x00000000e3d00000|  0%| F|  |TAMS 0x00000000e3c00000, 0x00000000e3c00000| Untracked 
|  61|0x00000000e3d00000, 0x00000000e3d00000, 0x00000000e3e00000|  0%| F|  |TAMS 0x00000000e3d00000, 0x00000000e3d00000| Untracked 
|  62|0x00000000e3e00000, 0x00000000e3e00000, 0x00000000e3f00000|  0%| F|  |TAMS 0x00000000e3e00000, 0x00000000e3e00000| Untracked 
|  63|0x00000000e3f00000, 0x00000000e3f00000, 0x00000000e4000000|  0%| F|  |TAMS 0x00000000e3f00000, 0x00000000e3f00000| Untracked 
|  64|0x00000000e4000000, 0x00000000e4000000, 0x00000000e4100000|  0%| F|  |TAMS 0x00000000e4000000, 0x00000000e4000000| Untracked 
|  65|0x00000000e4100000, 0x00000000e4100000, 0x00000000e4200000|  0%| F|  |TAMS 0x00000000e4100000, 0x00000000e4100000| Untracked 
|  66|0x00000000e4200000, 0x00000000e4200000, 0x00000000e4300000|  0%| F|  |TAMS 0x00000000e4200000, 0x00000000e4200000| Untracked 
|  67|0x00000000e4300000, 0x00000000e4300000, 0x00000000e4400000|  0%| F|  |TAMS 0x00000000e4300000, 0x00000000e4300000| Untracked 
|  68|0x00000000e4400000, 0x00000000e4400000, 0x00000000e4500000|  0%| F|  |TAMS 0x00000000e4400000, 0x00000000e4400000| Untracked 
|  69|0x00000000e4500000, 0x00000000e4500000, 0x00000000e4600000|  0%| F|  |TAMS 0x00000000e4500000, 0x00000000e4500000| Untracked 
|  70|0x00000000e4600000, 0x00000000e4600000, 0x00000000e4700000|  0%| F|  |TAMS 0x00000000e4600000, 0x00000000e4600000| Untracked 
|  71|0x00000000e4700000, 0x00000000e4700000, 0x00000000e4800000|  0%| F|  |TAMS 0x00000000e4700000, 0x00000000e4700000| Untracked 
|  72|0x00000000e4800000, 0x00000000e4800000, 0x00000000e4900000|  0%| F|  |TAMS 0x00000000e4800000, 0x00000000e4800000| Untracked 
|  73|0x00000000e4900000, 0x00000000e4900000, 0x00000000e4a00000|  0%| F|  |TAMS 0x00000000e4900000, 0x00000000e4900000| Untracked 
|  74|0x00000000e4a00000, 0x00000000e4a00000, 0x00000000e4b00000|  0%| F|  |TAMS 0x00000000e4a00000, 0x00000000e4a00000| Untracked 
|  75|0x00000000e4b00000, 0x00000000e4b00000, 0x00000000e4c00000|  0%| F|  |TAMS 0x00000000e4b00000, 0x00000000e4b00000| Untracked 
|  76|0x00000000e4c00000, 0x00000000e4c00000, 0x00000000e4d00000|  0%| F|  |TAMS 0x00000000e4c00000, 0x00000000e4c00000| Untracked 
|  77|0x00000000e4d00000, 0x00000000e4d00000, 0x00000000e4e00000|  0%| F|  |TAMS 0x00000000e4d00000, 0x00000000e4d00000| Untracked 
|  78|0x00000000e4e00000, 0x00000000e4e00000, 0x00000000e4f00000|  0%| F|  |TAMS 0x00000000e4e00000, 0x00000000e4e00000| Untracked 
|  79|0x00000000e4f00000, 0x00000000e4f00000, 0x00000000e5000000|  0%| F|  |TAMS 0x00000000e4f00000, 0x00000000e4f00000| Untracked 
|  80|0x00000000e5000000, 0x00000000e5000000, 0x00000000e5100000|  0%| F|  |TAMS 0x00000000e5000000, 0x00000000e5000000| Untracked 
|  81|0x00000000e5100000, 0x00000000e5100000, 0x00000000e5200000|  0%| F|  |TAMS 0x00000000e5100000, 0x00000000e5100000| Untracked 
|  82|0x00000000e5200000, 0x00000000e5200000, 0x00000000e5300000|  0%| F|  |TAMS 0x00000000e5200000, 0x00000000e5200000| Untracked 
|  83|0x00000000e5300000, 0x00000000e5300000, 0x00000000e5400000|  0%| F|  |TAMS 0x00000000e5300000, 0x00000000e5300000| Untracked 
|  84|0x00000000e5400000, 0x00000000e5400000, 0x00000000e5500000|  0%| F|  |TAMS 0x00000000e5400000, 0x00000000e5400000| Untracked 
|  85|0x00000000e5500000, 0x00000000e5500000, 0x00000000e5600000|  0%| F|  |TAMS 0x00000000e5500000, 0x00000000e5500000| Untracked 
|  86|0x00000000e5600000, 0x00000000e5600000, 0x00000000e5700000|  0%| F|  |TAMS 0x00000000e5600000, 0x00000000e5600000| Untracked 
|  87|0x00000000e5700000, 0x00000000e5700000, 0x00000000e5800000|  0%| F|  |TAMS 0x00000000e5700000, 0x00000000e5700000| Untracked 
|  88|0x00000000e5800000, 0x00000000e5800000, 0x00000000e5900000|  0%| F|  |TAMS 0x00000000e5800000, 0x00000000e5800000| Untracked 
|  89|0x00000000e5900000, 0x00000000e5900000, 0x00000000e5a00000|  0%| F|  |TAMS 0x00000000e5900000, 0x00000000e5900000| Untracked 
|  90|0x00000000e5a00000, 0x00000000e5a00000, 0x00000000e5b00000|  0%| F|  |TAMS 0x00000000e5a00000, 0x00000000e5a00000| Untracked 
|  91|0x00000000e5b00000, 0x00000000e5b00000, 0x00000000e5c00000|  0%| F|  |TAMS 0x00000000e5b00000, 0x00000000e5b00000| Untracked 
|  92|0x00000000e5c00000, 0x00000000e5c00000, 0x00000000e5d00000|  0%| F|  |TAMS 0x00000000e5c00000, 0x00000000e5c00000| Untracked 
|  93|0x00000000e5d00000, 0x00000000e5d00000, 0x00000000e5e00000|  0%| F|  |TAMS 0x00000000e5d00000, 0x00000000e5d00000| Untracked 
|  94|0x00000000e5e00000, 0x00000000e5e00000, 0x00000000e5f00000|  0%| F|  |TAMS 0x00000000e5e00000, 0x00000000e5e00000| Untracked 
|  95|0x00000000e5f00000, 0x00000000e5f00000, 0x00000000e6000000|  0%| F|  |TAMS 0x00000000e5f00000, 0x00000000e5f00000| Untracked 
|  96|0x00000000e6000000, 0x00000000e6000000, 0x00000000e6100000|  0%| F|  |TAMS 0x00000000e6000000, 0x00000000e6000000| Untracked 
|  97|0x00000000e6100000, 0x00000000e6100000, 0x00000000e6200000|  0%| F|  |TAMS 0x00000000e6100000, 0x00000000e6100000| Untracked 
|  98|0x00000000e6200000, 0x00000000e6200000, 0x00000000e6300000|  0%| F|  |TAMS 0x00000000e6200000, 0x00000000e6200000| Untracked 
|  99|0x00000000e6300000, 0x00000000e6300000, 0x00000000e6400000|  0%| F|  |TAMS 0x00000000e6300000, 0x00000000e6300000| Untracked 
| 100|0x00000000e6400000, 0x00000000e6400000, 0x00000000e6500000|  0%| F|  |TAMS 0x00000000e6400000, 0x00000000e6400000| Untracked 
| 101|0x00000000e6500000, 0x00000000e6500000, 0x00000000e6600000|  0%| F|  |TAMS 0x00000000e6500000, 0x00000000e6500000| Untracked 
| 102|0x00000000e6600000, 0x00000000e6600000, 0x00000000e6700000|  0%| F|  |TAMS 0x00000000e6600000, 0x00000000e6600000| Untracked 
| 103|0x00000000e6700000, 0x00000000e6700000, 0x00000000e6800000|  0%| F|  |TAMS 0x00000000e6700000, 0x00000000e6700000| Untracked 
| 104|0x00000000e6800000, 0x00000000e6800000, 0x00000000e6900000|  0%| F|  |TAMS 0x00000000e6800000, 0x00000000e6800000| Untracked 
| 105|0x00000000e6900000, 0x00000000e6900000, 0x00000000e6a00000|  0%| F|  |TAMS 0x00000000e6900000, 0x00000000e6900000| Untracked 
| 106|0x00000000e6a00000, 0x00000000e6a00000, 0x00000000e6b00000|  0%| F|  |TAMS 0x00000000e6a00000, 0x00000000e6a00000| Untracked 
| 107|0x00000000e6b00000, 0x00000000e6b00000, 0x00000000e6c00000|  0%| F|  |TAMS 0x00000000e6b00000, 0x00000000e6b00000| Untracked 
| 108|0x00000000e6c00000, 0x00000000e6c00000, 0x00000000e6d00000|  0%| F|  |TAMS 0x00000000e6c00000, 0x00000000e6c00000| Untracked 
| 109|0x00000000e6d00000, 0x00000000e6d00000, 0x00000000e6e00000|  0%| F|  |TAMS 0x00000000e6d00000, 0x00000000e6d00000| Untracked 
| 110|0x00000000e6e00000, 0x00000000e6e00000, 0x00000000e6f00000|  0%| F|  |TAMS 0x00000000e6e00000, 0x00000000e6e00000| Untracked 
| 111|0x00000000e6f00000, 0x00000000e6f00000, 0x00000000e7000000|  0%| F|  |TAMS 0x00000000e6f00000, 0x00000000e6f00000| Untracked 
| 112|0x00000000e7000000, 0x00000000e7000000, 0x00000000e7100000|  0%| F|  |TAMS 0x00000000e7000000, 0x00000000e7000000| Untracked 
| 113|0x00000000e7100000, 0x00000000e7100000, 0x00000000e7200000|  0%| F|  |TAMS 0x00000000e7100000, 0x00000000e7100000| Untracked 
| 114|0x00000000e7200000, 0x00000000e7200000, 0x00000000e7300000|  0%| F|  |TAMS 0x00000000e7200000, 0x00000000e7200000| Untracked 
| 115|0x00000000e7300000, 0x00000000e7300000, 0x00000000e7400000|  0%| F|  |TAMS 0x00000000e7300000, 0x00000000e7300000| Untracked 
| 116|0x00000000e7400000, 0x00000000e7400000, 0x00000000e7500000|  0%| F|  |TAMS 0x00000000e7400000, 0x00000000e7400000| Untracked 
| 117|0x00000000e7500000, 0x00000000e7500000, 0x00000000e7600000|  0%| F|  |TAMS 0x00000000e7500000, 0x00000000e7500000| Untracked 
| 118|0x00000000e7600000, 0x00000000e7600000, 0x00000000e7700000|  0%| F|  |TAMS 0x00000000e7600000, 0x00000000e7600000| Untracked 
| 119|0x00000000e7700000, 0x00000000e7700000, 0x00000000e7800000|  0%| F|  |TAMS 0x00000000e7700000, 0x00000000e7700000| Untracked 
| 120|0x00000000e7800000, 0x00000000e7800000, 0x00000000e7900000|  0%| F|  |TAMS 0x00000000e7800000, 0x00000000e7800000| Untracked 
| 121|0x00000000e7900000, 0x00000000e7900000, 0x00000000e7a00000|  0%| F|  |TAMS 0x00000000e7900000, 0x00000000e7900000| Untracked 
| 122|0x00000000e7a00000, 0x00000000e7a00000, 0x00000000e7b00000|  0%| F|  |TAMS 0x00000000e7a00000, 0x00000000e7a00000| Untracked 
| 123|0x00000000e7b00000, 0x00000000e7b00000, 0x00000000e7c00000|  0%| F|  |TAMS 0x00000000e7b00000, 0x00000000e7b00000| Untracked 
| 124|0x00000000e7c00000, 0x00000000e7c00000, 0x00000000e7d00000|  0%| F|  |TAMS 0x00000000e7c00000, 0x00000000e7c00000| Untracked 
| 125|0x00000000e7d00000, 0x00000000e7d00000, 0x00000000e7e00000|  0%| F|  |TAMS 0x00000000e7d00000, 0x00000000e7d00000| Untracked 
| 126|0x00000000e7e00000, 0x00000000e7e00000, 0x00000000e7f00000|  0%| F|  |TAMS 0x00000000e7e00000, 0x00000000e7e00000| Untracked 
| 127|0x00000000e7f00000, 0x00000000e7f00000, 0x00000000e8000000|  0%| F|  |TAMS 0x00000000e7f00000, 0x00000000e7f00000| Untracked 
| 128|0x00000000e8000000, 0x00000000e8000000, 0x00000000e8100000|  0%| F|  |TAMS 0x00000000e8000000, 0x00000000e8000000| Untracked 
| 129|0x00000000e8100000, 0x00000000e8100000, 0x00000000e8200000|  0%| F|  |TAMS 0x00000000e8100000, 0x00000000e8100000| Untracked 
| 130|0x00000000e8200000, 0x00000000e8200000, 0x00000000e8300000|  0%| F|  |TAMS 0x00000000e8200000, 0x00000000e8200000| Untracked 
| 131|0x00000000e8300000, 0x00000000e8300000, 0x00000000e8400000|  0%| F|  |TAMS 0x00000000e8300000, 0x00000000e8300000| Untracked 
| 132|0x00000000e8400000, 0x00000000e8400000, 0x00000000e8500000|  0%| F|  |TAMS 0x00000000e8400000, 0x00000000e8400000| Untracked 
| 133|0x00000000e8500000, 0x00000000e8500000, 0x00000000e8600000|  0%| F|  |TAMS 0x00000000e8500000, 0x00000000e8500000| Untracked 
| 134|0x00000000e8600000, 0x00000000e8600000, 0x00000000e8700000|  0%| F|  |TAMS 0x00000000e8600000, 0x00000000e8600000| Untracked 
| 135|0x00000000e8700000, 0x00000000e8700000, 0x00000000e8800000|  0%| F|  |TAMS 0x00000000e8700000, 0x00000000e8700000| Untracked 
| 136|0x00000000e8800000, 0x00000000e8800000, 0x00000000e8900000|  0%| F|  |TAMS 0x00000000e8800000, 0x00000000e8800000| Untracked 
| 137|0x00000000e8900000, 0x00000000e8900000, 0x00000000e8a00000|  0%| F|  |TAMS 0x00000000e8900000, 0x00000000e8900000| Untracked 
| 138|0x00000000e8a00000, 0x00000000e8a00000, 0x00000000e8b00000|  0%| F|  |TAMS 0x00000000e8a00000, 0x00000000e8a00000| Untracked 
| 139|0x00000000e8b00000, 0x00000000e8b00000, 0x00000000e8c00000|  0%| F|  |TAMS 0x00000000e8b00000, 0x00000000e8b00000| Untracked 
| 140|0x00000000e8c00000, 0x00000000e8c00000, 0x00000000e8d00000|  0%| F|  |TAMS 0x00000000e8c00000, 0x00000000e8c00000| Untracked 
| 141|0x00000000e8d00000, 0x00000000e8d00000, 0x00000000e8e00000|  0%| F|  |TAMS 0x00000000e8d00000, 0x00000000e8d00000| Untracked 
| 142|0x00000000e8e00000, 0x00000000e8e00000, 0x00000000e8f00000|  0%| F|  |TAMS 0x00000000e8e00000, 0x00000000e8e00000| Untracked 
| 143|0x00000000e8f00000, 0x00000000e8f00000, 0x00000000e9000000|  0%| F|  |TAMS 0x00000000e8f00000, 0x00000000e8f00000| Untracked 
| 144|0x00000000e9000000, 0x00000000e9000000, 0x00000000e9100000|  0%| F|  |TAMS 0x00000000e9000000, 0x00000000e9000000| Untracked 
| 145|0x00000000e9100000, 0x00000000e9100000, 0x00000000e9200000|  0%| F|  |TAMS 0x00000000e9100000, 0x00000000e9100000| Untracked 
| 146|0x00000000e9200000, 0x00000000e9200000, 0x00000000e9300000|  0%| F|  |TAMS 0x00000000e9200000, 0x00000000e9200000| Untracked 
| 147|0x00000000e9300000, 0x00000000e9300000, 0x00000000e9400000|  0%| F|  |TAMS 0x00000000e9300000, 0x00000000e9300000| Untracked 
| 148|0x00000000e9400000, 0x00000000e9400000, 0x00000000e9500000|  0%| F|  |TAMS 0x00000000e9400000, 0x00000000e9400000| Untracked 
| 149|0x00000000e9500000, 0x00000000e9500000, 0x00000000e9600000|  0%| F|  |TAMS 0x00000000e9500000, 0x00000000e9500000| Untracked 
| 150|0x00000000e9600000, 0x00000000e9600000, 0x00000000e9700000|  0%| F|  |TAMS 0x00000000e9600000, 0x00000000e9600000| Untracked 
| 151|0x00000000e9700000, 0x00000000e9700000, 0x00000000e9800000|  0%| F|  |TAMS 0x00000000e9700000, 0x00000000e9700000| Untracked 
| 152|0x00000000e9800000, 0x00000000e9800000, 0x00000000e9900000|  0%| F|  |TAMS 0x00000000e9800000, 0x00000000e9800000| Untracked 
| 153|0x00000000e9900000, 0x00000000e9900000, 0x00000000e9a00000|  0%| F|  |TAMS 0x00000000e9900000, 0x00000000e9900000| Untracked 
| 154|0x00000000e9a00000, 0x00000000e9a00000, 0x00000000e9b00000|  0%| F|  |TAMS 0x00000000e9a00000, 0x00000000e9a00000| Untracked 
| 155|0x00000000e9b00000, 0x00000000e9b00000, 0x00000000e9c00000|  0%| F|  |TAMS 0x00000000e9b00000, 0x00000000e9b00000| Untracked 
| 156|0x00000000e9c00000, 0x00000000e9c00000, 0x00000000e9d00000|  0%| F|  |TAMS 0x00000000e9c00000, 0x00000000e9c00000| Untracked 
| 157|0x00000000e9d00000, 0x00000000e9d00000, 0x00000000e9e00000|  0%| F|  |TAMS 0x00000000e9d00000, 0x00000000e9d00000| Untracked 
| 158|0x00000000e9e00000, 0x00000000e9e00000, 0x00000000e9f00000|  0%| F|  |TAMS 0x00000000e9e00000, 0x00000000e9e00000| Untracked 
| 159|0x00000000e9f00000, 0x00000000e9f00000, 0x00000000ea000000|  0%| F|  |TAMS 0x00000000e9f00000, 0x00000000e9f00000| Untracked 
| 160|0x00000000ea000000, 0x00000000ea000000, 0x00000000ea100000|  0%| F|  |TAMS 0x00000000ea000000, 0x00000000ea000000| Untracked 
| 161|0x00000000ea100000, 0x00000000ea100000, 0x00000000ea200000|  0%| F|  |TAMS 0x00000000ea100000, 0x00000000ea100000| Untracked 
| 162|0x00000000ea200000, 0x00000000ea200000, 0x00000000ea300000|  0%| F|  |TAMS 0x00000000ea200000, 0x00000000ea200000| Untracked 
| 163|0x00000000ea300000, 0x00000000ea300000, 0x00000000ea400000|  0%| F|  |TAMS 0x00000000ea300000, 0x00000000ea300000| Untracked 
| 164|0x00000000ea400000, 0x00000000ea400000, 0x00000000ea500000|  0%| F|  |TAMS 0x00000000ea400000, 0x00000000ea400000| Untracked 
| 165|0x00000000ea500000, 0x00000000ea500000, 0x00000000ea600000|  0%| F|  |TAMS 0x00000000ea500000, 0x00000000ea500000| Untracked 
| 166|0x00000000ea600000, 0x00000000ea600000, 0x00000000ea700000|  0%| F|  |TAMS 0x00000000ea600000, 0x00000000ea600000| Untracked 
| 167|0x00000000ea700000, 0x00000000ea700000, 0x00000000ea800000|  0%| F|  |TAMS 0x00000000ea700000, 0x00000000ea700000| Untracked 
| 168|0x00000000ea800000, 0x00000000ea800000, 0x00000000ea900000|  0%| F|  |TAMS 0x00000000ea800000, 0x00000000ea800000| Untracked 
| 169|0x00000000ea900000, 0x00000000ea900000, 0x00000000eaa00000|  0%| F|  |TAMS 0x00000000ea900000, 0x00000000ea900000| Untracked 
| 170|0x00000000eaa00000, 0x00000000eaa00000, 0x00000000eab00000|  0%| F|  |TAMS 0x00000000eaa00000, 0x00000000eaa00000| Untracked 
| 171|0x00000000eab00000, 0x00000000eab00000, 0x00000000eac00000|  0%| F|  |TAMS 0x00000000eab00000, 0x00000000eab00000| Untracked 
| 172|0x00000000eac00000, 0x00000000eac00000, 0x00000000ead00000|  0%| F|  |TAMS 0x00000000eac00000, 0x00000000eac00000| Untracked 
| 173|0x00000000ead00000, 0x00000000ead00000, 0x00000000eae00000|  0%| F|  |TAMS 0x00000000ead00000, 0x00000000ead00000| Untracked 
| 174|0x00000000eae00000, 0x00000000eae00000, 0x00000000eaf00000|  0%| F|  |TAMS 0x00000000eae00000, 0x00000000eae00000| Untracked 
| 175|0x00000000eaf00000, 0x00000000eaf00000, 0x00000000eb000000|  0%| F|  |TAMS 0x00000000eaf00000, 0x00000000eaf00000| Untracked 
| 176|0x00000000eb000000, 0x00000000eb000000, 0x00000000eb100000|  0%| F|  |TAMS 0x00000000eb000000, 0x00000000eb000000| Untracked 
| 177|0x00000000eb100000, 0x00000000eb100000, 0x00000000eb200000|  0%| F|  |TAMS 0x00000000eb100000, 0x00000000eb100000| Untracked 
| 178|0x00000000eb200000, 0x00000000eb200000, 0x00000000eb300000|  0%| F|  |TAMS 0x00000000eb200000, 0x00000000eb200000| Untracked 
| 179|0x00000000eb300000, 0x00000000eb300000, 0x00000000eb400000|  0%| F|  |TAMS 0x00000000eb300000, 0x00000000eb300000| Untracked 
| 180|0x00000000eb400000, 0x00000000eb400000, 0x00000000eb500000|  0%| F|  |TAMS 0x00000000eb400000, 0x00000000eb400000| Untracked 
| 181|0x00000000eb500000, 0x00000000eb500000, 0x00000000eb600000|  0%| F|  |TAMS 0x00000000eb500000, 0x00000000eb500000| Untracked 
| 182|0x00000000eb600000, 0x00000000eb600000, 0x00000000eb700000|  0%| F|  |TAMS 0x00000000eb600000, 0x00000000eb600000| Untracked 
| 183|0x00000000eb700000, 0x00000000eb700000, 0x00000000eb800000|  0%| F|  |TAMS 0x00000000eb700000, 0x00000000eb700000| Untracked 
| 184|0x00000000eb800000, 0x00000000eb800000, 0x00000000eb900000|  0%| F|  |TAMS 0x00000000eb800000, 0x00000000eb800000| Untracked 
| 185|0x00000000eb900000, 0x00000000eb900000, 0x00000000eba00000|  0%| F|  |TAMS 0x00000000eb900000, 0x00000000eb900000| Untracked 
| 186|0x00000000eba00000, 0x00000000eba00000, 0x00000000ebb00000|  0%| F|  |TAMS 0x00000000eba00000, 0x00000000eba00000| Untracked 
| 187|0x00000000ebb00000, 0x00000000ebb00000, 0x00000000ebc00000|  0%| F|  |TAMS 0x00000000ebb00000, 0x00000000ebb00000| Untracked 
| 188|0x00000000ebc00000, 0x00000000ebc00000, 0x00000000ebd00000|  0%| F|  |TAMS 0x00000000ebc00000, 0x00000000ebc00000| Untracked 
| 189|0x00000000ebd00000, 0x00000000ebd00000, 0x00000000ebe00000|  0%| F|  |TAMS 0x00000000ebd00000, 0x00000000ebd00000| Untracked 
| 190|0x00000000ebe00000, 0x00000000ebe00000, 0x00000000ebf00000|  0%| F|  |TAMS 0x00000000ebe00000, 0x00000000ebe00000| Untracked 
| 191|0x00000000ebf00000, 0x00000000ebf00000, 0x00000000ec000000|  0%| F|  |TAMS 0x00000000ebf00000, 0x00000000ebf00000| Untracked 
| 192|0x00000000ec000000, 0x00000000ec000000, 0x00000000ec100000|  0%| F|  |TAMS 0x00000000ec000000, 0x00000000ec000000| Untracked 
| 193|0x00000000ec100000, 0x00000000ec100000, 0x00000000ec200000|  0%| F|  |TAMS 0x00000000ec100000, 0x00000000ec100000| Untracked 
| 194|0x00000000ec200000, 0x00000000ec200000, 0x00000000ec300000|  0%| F|  |TAMS 0x00000000ec200000, 0x00000000ec200000| Untracked 
| 195|0x00000000ec300000, 0x00000000ec300000, 0x00000000ec400000|  0%| F|  |TAMS 0x00000000ec300000, 0x00000000ec300000| Untracked 
| 196|0x00000000ec400000, 0x00000000ec400000, 0x00000000ec500000|  0%| F|  |TAMS 0x00000000ec400000, 0x00000000ec400000| Untracked 
| 197|0x00000000ec500000, 0x00000000ec500000, 0x00000000ec600000|  0%| F|  |TAMS 0x00000000ec500000, 0x00000000ec500000| Untracked 
| 198|0x00000000ec600000, 0x00000000ec600000, 0x00000000ec700000|  0%| F|  |TAMS 0x00000000ec600000, 0x00000000ec600000| Untracked 
| 199|0x00000000ec700000, 0x00000000ec700000, 0x00000000ec800000|  0%| F|  |TAMS 0x00000000ec700000, 0x00000000ec700000| Untracked 
| 200|0x00000000ec800000, 0x00000000ec800000, 0x00000000ec900000|  0%| F|  |TAMS 0x00000000ec800000, 0x00000000ec800000| Untracked 
| 201|0x00000000ec900000, 0x00000000ec900000, 0x00000000eca00000|  0%| F|  |TAMS 0x00000000ec900000, 0x00000000ec900000| Untracked 
| 202|0x00000000eca00000, 0x00000000eca00000, 0x00000000ecb00000|  0%| F|  |TAMS 0x00000000eca00000, 0x00000000eca00000| Untracked 
| 203|0x00000000ecb00000, 0x00000000ecb00000, 0x00000000ecc00000|  0%| F|  |TAMS 0x00000000ecb00000, 0x00000000ecb00000| Untracked 
| 204|0x00000000ecc00000, 0x00000000ecc00000, 0x00000000ecd00000|  0%| F|  |TAMS 0x00000000ecc00000, 0x00000000ecc00000| Untracked 
| 205|0x00000000ecd00000, 0x00000000ecd00000, 0x00000000ece00000|  0%| F|  |TAMS 0x00000000ecd00000, 0x00000000ecd00000| Untracked 
| 206|0x00000000ece00000, 0x00000000ece00000, 0x00000000ecf00000|  0%| F|  |TAMS 0x00000000ece00000, 0x00000000ece00000| Untracked 
| 207|0x00000000ecf00000, 0x00000000ecf00000, 0x00000000ed000000|  0%| F|  |TAMS 0x00000000ecf00000, 0x00000000ecf00000| Untracked 
| 208|0x00000000ed000000, 0x00000000ed000000, 0x00000000ed100000|  0%| F|  |TAMS 0x00000000ed000000, 0x00000000ed000000| Untracked 
| 209|0x00000000ed100000, 0x00000000ed100000, 0x00000000ed200000|  0%| F|  |TAMS 0x00000000ed100000, 0x00000000ed100000| Untracked 
| 210|0x00000000ed200000, 0x00000000ed200000, 0x00000000ed300000|  0%| F|  |TAMS 0x00000000ed200000, 0x00000000ed200000| Untracked 
| 211|0x00000000ed300000, 0x00000000ed300000, 0x00000000ed400000|  0%| F|  |TAMS 0x00000000ed300000, 0x00000000ed300000| Untracked 
| 212|0x00000000ed400000, 0x00000000ed400000, 0x00000000ed500000|  0%| F|  |TAMS 0x00000000ed400000, 0x00000000ed400000| Untracked 
| 213|0x00000000ed500000, 0x00000000ed500000, 0x00000000ed600000|  0%| F|  |TAMS 0x00000000ed500000, 0x00000000ed500000| Untracked 
| 214|0x00000000ed600000, 0x00000000ed700000, 0x00000000ed700000|100%| E|  |TAMS 0x00000000ed600000, 0x00000000ed600000| Complete 
| 215|0x00000000ed700000, 0x00000000ed800000, 0x00000000ed800000|100%| E|CS|TAMS 0x00000000ed700000, 0x00000000ed700000| Complete 
| 216|0x00000000ed800000, 0x00000000ed900000, 0x00000000ed900000|100%| E|CS|TAMS 0x00000000ed800000, 0x00000000ed800000| Complete 
| 217|0x00000000ed900000, 0x00000000eda00000, 0x00000000eda00000|100%| E|CS|TAMS 0x00000000ed900000, 0x00000000ed900000| Complete 
| 218|0x00000000eda00000, 0x00000000edb00000, 0x00000000edb00000|100%| E|CS|TAMS 0x00000000eda00000, 0x00000000eda00000| Complete 
| 219|0x00000000edb00000, 0x00000000edc00000, 0x00000000edc00000|100%| E|CS|TAMS 0x00000000edb00000, 0x00000000edb00000| Complete 
| 220|0x00000000edc00000, 0x00000000edd00000, 0x00000000edd00000|100%| E|CS|TAMS 0x00000000edc00000, 0x00000000edc00000| Complete 
| 221|0x00000000edd00000, 0x00000000ede00000, 0x00000000ede00000|100%| E|CS|TAMS 0x00000000edd00000, 0x00000000edd00000| Complete 
| 222|0x00000000ede00000, 0x00000000edf00000, 0x00000000edf00000|100%| E|CS|TAMS 0x00000000ede00000, 0x00000000ede00000| Complete 
| 223|0x00000000edf00000, 0x00000000ee000000, 0x00000000ee000000|100%| E|CS|TAMS 0x00000000edf00000, 0x00000000edf00000| Complete 
| 224|0x00000000ee000000, 0x00000000ee100000, 0x00000000ee100000|100%| E|CS|TAMS 0x00000000ee000000, 0x00000000ee000000| Complete 
| 225|0x00000000ee100000, 0x00000000ee200000, 0x00000000ee200000|100%| E|CS|TAMS 0x00000000ee100000, 0x00000000ee100000| Complete 
| 226|0x00000000ee200000, 0x00000000ee300000, 0x00000000ee300000|100%| S|CS|TAMS 0x00000000ee200000, 0x00000000ee200000| Complete 
| 227|0x00000000ee300000, 0x00000000ee400000, 0x00000000ee400000|100%| S|CS|TAMS 0x00000000ee300000, 0x00000000ee300000| Complete 
| 228|0x00000000ee400000, 0x00000000ee500000, 0x00000000ee500000|100%| S|CS|TAMS 0x00000000ee400000, 0x00000000ee400000| Complete 
| 229|0x00000000ee500000, 0x00000000ee600000, 0x00000000ee600000|100%| S|CS|TAMS 0x00000000ee500000, 0x00000000ee500000| Complete 
| 230|0x00000000ee600000, 0x00000000ee700000, 0x00000000ee700000|100%| E|CS|TAMS 0x00000000ee600000, 0x00000000ee600000| Complete 
| 231|0x00000000ee700000, 0x00000000ee800000, 0x00000000ee800000|100%| E|CS|TAMS 0x00000000ee700000, 0x00000000ee700000| Complete 
| 232|0x00000000ee800000, 0x00000000ee900000, 0x00000000ee900000|100%| E|CS|TAMS 0x00000000ee800000, 0x00000000ee800000| Complete 
| 233|0x00000000ee900000, 0x00000000eea00000, 0x00000000eea00000|100%| E|CS|TAMS 0x00000000ee900000, 0x00000000ee900000| Complete 
| 234|0x00000000eea00000, 0x00000000eeb00000, 0x00000000eeb00000|100%| E|CS|TAMS 0x00000000eea00000, 0x00000000eea00000| Complete 
| 235|0x00000000eeb00000, 0x00000000eec00000, 0x00000000eec00000|100%| E|CS|TAMS 0x00000000eeb00000, 0x00000000eeb00000| Complete 
| 236|0x00000000eec00000, 0x00000000eed00000, 0x00000000eed00000|100%| E|CS|TAMS 0x00000000eec00000, 0x00000000eec00000| Complete 
| 237|0x00000000eed00000, 0x00000000eee00000, 0x00000000eee00000|100%| E|CS|TAMS 0x00000000eed00000, 0x00000000eed00000| Complete 
| 238|0x00000000eee00000, 0x00000000eef00000, 0x00000000eef00000|100%| E|CS|TAMS 0x00000000eee00000, 0x00000000eee00000| Complete 
| 239|0x00000000eef00000, 0x00000000ef000000, 0x00000000ef000000|100%| E|CS|TAMS 0x00000000eef00000, 0x00000000eef00000| Complete 
| 240|0x00000000ef000000, 0x00000000ef100000, 0x00000000ef100000|100%| E|CS|TAMS 0x00000000ef000000, 0x00000000ef000000| Complete 
| 241|0x00000000ef100000, 0x00000000ef200000, 0x00000000ef200000|100%| E|CS|TAMS 0x00000000ef100000, 0x00000000ef100000| Complete 
| 242|0x00000000ef200000, 0x00000000ef300000, 0x00000000ef300000|100%| E|CS|TAMS 0x00000000ef200000, 0x00000000ef200000| Complete 
| 243|0x00000000ef300000, 0x00000000ef400000, 0x00000000ef400000|100%| E|CS|TAMS 0x00000000ef300000, 0x00000000ef300000| Complete 
| 244|0x00000000ef400000, 0x00000000ef500000, 0x00000000ef500000|100%| E|CS|TAMS 0x00000000ef400000, 0x00000000ef400000| Complete 
| 245|0x00000000ef500000, 0x00000000ef600000, 0x00000000ef600000|100%| E|CS|TAMS 0x00000000ef500000, 0x00000000ef500000| Complete 
| 246|0x00000000ef600000, 0x00000000ef700000, 0x00000000ef700000|100%| E|CS|TAMS 0x00000000ef600000, 0x00000000ef600000| Complete 
| 247|0x00000000ef700000, 0x00000000ef800000, 0x00000000ef800000|100%| E|CS|TAMS 0x00000000ef700000, 0x00000000ef700000| Complete 
| 248|0x00000000ef800000, 0x00000000ef900000, 0x00000000ef900000|100%| E|CS|TAMS 0x00000000ef800000, 0x00000000ef800000| Complete 
| 249|0x00000000ef900000, 0x00000000efa00000, 0x00000000efa00000|100%| E|CS|TAMS 0x00000000ef900000, 0x00000000ef900000| Complete 
| 250|0x00000000efa00000, 0x00000000efb00000, 0x00000000efb00000|100%| E|CS|TAMS 0x00000000efa00000, 0x00000000efa00000| Complete 
| 251|0x00000000efb00000, 0x00000000efc00000, 0x00000000efc00000|100%| E|CS|TAMS 0x00000000efb00000, 0x00000000efb00000| Complete 
| 252|0x00000000efc00000, 0x00000000efd00000, 0x00000000efd00000|100%| E|CS|TAMS 0x00000000efc00000, 0x00000000efc00000| Complete 
| 253|0x00000000efd00000, 0x00000000efe00000, 0x00000000efe00000|100%| E|CS|TAMS 0x00000000efd00000, 0x00000000efd00000| Complete 
| 254|0x00000000efe00000, 0x00000000eff00000, 0x00000000eff00000|100%| E|CS|TAMS 0x00000000efe00000, 0x00000000efe00000| Complete 
| 255|0x00000000eff00000, 0x00000000f0000000, 0x00000000f0000000|100%| E|CS|TAMS 0x00000000eff00000, 0x00000000eff00000| Complete 

Card table byte_map: [0x00000243519f0000,0x0000024351af0000] _byte_map_base: 0x00000243512f0000

Marking Bits (Prev, Next): (CMBitMap*) 0x0000024351d4b020, (CMBitMap*) 0x0000024351d4b060
 Prev Bits: [0x0000024368f50000, 0x0000024369750000)
 Next Bits: [0x0000024369750000, 0x0000024369f50000)

Polling page: 0x000002434fbd0000

Metaspace:

Usage:
  Non-class:     11.99 MB capacity,    11.67 MB ( 97%) used,   306.92 KB (  3%) free+waste,    20.19 KB ( <1%) overhead. 
      Class:      2.04 MB capacity,     1.89 MB ( 93%) used,   137.64 KB (  7%) free+waste,    10.00 KB ( <1%) overhead. 
       Both:     14.02 MB capacity,    13.56 MB ( 97%) used,   444.56 KB (  3%) free+waste,    30.19 KB ( <1%) overhead. 

Virtual space:
  Non-class space:       12.00 MB reserved,      12.00 MB (100%) committed 
      Class space:      248.00 MB reserved,       2.13 MB ( <1%) committed 
             Both:      260.00 MB reserved,      14.13 MB (  5%) committed 

Chunk freelists:
   Non-Class:  13.00 KB
       Class:  28.00 KB
        Both:  41.00 KB

MaxMetaspaceSize: 256.00 MB
CompressedClassSpaceSize: 248.00 MB

CodeHeap 'non-profiled nmethods': size=120064Kb used=933Kb max_used=933Kb free=119130Kb
 bounds [0x0000024361a10000, 0x0000024361c80000, 0x0000024368f50000]
CodeHeap 'profiled nmethods': size=120000Kb used=4016Kb max_used=4016Kb free=115983Kb
 bounds [0x000002435a4e0000, 0x000002435a8d0000, 0x0000024361a10000]
CodeHeap 'non-nmethods': size=5696Kb used=1199Kb max_used=1221Kb free=4496Kb
 bounds [0x0000024359f50000, 0x000002435a1c0000, 0x000002435a4e0000]
 total_blobs=2474 nmethods=2003 adapters=385
 compilation: enabled
              stopped_count=0, restarted_count=0
 full_count=0

Compilation events (20 events):
Event: 11.239 Thread 0x000002436cc988a0 1991       3       jdk.internal.misc.Unsafe::weakCompareAndSetInt (11 bytes)
Event: 11.239 Thread 0x000002436cc988a0 nmethod 1991 0x000002435a8c7e90 code [0x000002435a8c8020, 0x000002435a8c8138]
Event: 11.266 Thread 0x000002436cc988a0 1993       3       sun.invoke.util.BytecodeDescriptor::unparseMethod (66 bytes)
Event: 11.267 Thread 0x000002436cc988a0 nmethod 1993 0x000002435a8c8210 code [0x000002435a8c8440, 0x000002435a8c8aa8]
Event: 11.268 Thread 0x000002436cc988a0 1994       3       java.util.concurrent.ConcurrentHashMap::<init> (5 bytes)
Event: 11.269 Thread 0x000002436cc988a0 nmethod 1994 0x000002435a8c8d90 code [0x000002435a8c8f40, 0x000002435a8c90f8]
Event: 11.302 Thread 0x000002436c30ff40 nmethod 1987 0x0000024361af2a90 code [0x0000024361af2d00, 0x0000024361af5060]
Event: 11.310 Thread 0x000002436c30ff40 1995   !   4       java.util.concurrent.ConcurrentHashMap::putVal (432 bytes)
Event: 11.320 Thread 0x000002436cc988a0 1996       3       java.util.regex.Pattern$BmpCharPropertyGreedy::match (89 bytes)
Event: 11.320 Thread 0x000002436cc988a0 nmethod 1996 0x000002435a8c9210 code [0x000002435a8c9400, 0x000002435a8c9a48]
Event: 11.335 Thread 0x000002436cc988a0 1997       1       java.lang.Enum::toString (5 bytes)
Event: 11.335 Thread 0x000002436cc988a0 nmethod 1997 0x0000024361af6390 code [0x0000024361af6520, 0x0000024361af65d8]
Event: 11.363 Thread 0x000002436c30ff40 nmethod 1995 0x0000024361af6690 code [0x0000024361af68a0, 0x0000024361af80d0]
Event: 11.370 Thread 0x000002436cc988a0 1998       3       java.util.regex.Pattern::qtype (39 bytes)
Event: 11.370 Thread 0x000002436cc988a0 nmethod 1998 0x000002435a8c9c90 code [0x000002435a8c9e60, 0x000002435a8ca0a8]
Event: 11.411 Thread 0x000002436c30ff40 1999   !   4       java.lang.ClassLoader::loadClass (122 bytes)
Event: 11.566 Thread 0x000002436cc988a0 2001       3       org.gradle.internal.service.DefaultServiceRegistry$SingletonService::getAll (23 bytes)
Event: 11.567 Thread 0x000002436cc988a0 nmethod 2001 0x000002435a8ca190 code [0x000002435a8ca360, 0x000002435a8ca5e8]
Event: 11.575 Thread 0x000002436cc988a0 2002       1       sun.reflect.generics.repository.AbstractRepository::getFactory (5 bytes)
Event: 11.575 Thread 0x000002436cc988a0 nmethod 2002 0x0000024361af8f10 code [0x0000024361af90a0, 0x0000024361af9158]

GC Heap History (8 events):
Event: 3.509 GC heap before
{Heap before GC invocations=0 (full 0):
 garbage-first heap   total 262144K, used 17408K [0x00000000e0000000, 0x0000000100000000)
  region size 1024K, 12 young (12288K), 0 survivors (0K)
 Metaspace       used 1296K, capacity 4921K, committed 5120K, reserved 262144K
  class space    used 111K, capacity 467K, committed 512K, reserved 253952K
}
Event: 3.534 GC heap after
{Heap after GC invocations=1 (full 0):
 garbage-first heap   total 262144K, used 7712K [0x00000000e0000000, 0x0000000100000000)
  region size 1024K, 2 young (2048K), 2 survivors (2048K)
 Metaspace       used 1296K, capacity 4921K, committed 5120K, reserved 262144K
  class space    used 111K, capacity 467K, committed 512K, reserved 253952K
}
Event: 5.375 GC heap before
{Heap before GC invocations=1 (full 0):
 garbage-first heap   total 262144K, used 17952K [0x00000000e0000000, 0x0000000100000000)
  region size 1024K, 12 young (12288K), 2 survivors (2048K)
 Metaspace       used 3878K, capacity 6543K, committed 6656K, reserved 262144K
  class space    used 486K, capacity 729K, committed 768K, reserved 253952K
}
Event: 5.381 GC heap after
{Heap after GC invocations=2 (full 0):
 garbage-first heap   total 262144K, used 8684K [0x00000000e0000000, 0x0000000100000000)
  region size 1024K, 1 young (1024K), 1 survivors (1024K)
 Metaspace       used 3878K, capacity 6543K, committed 6656K, reserved 262144K
  class space    used 486K, capacity 729K, committed 768K, reserved 253952K
}
Event: 5.955 GC heap before
{Heap before GC invocations=2 (full 0):
 garbage-first heap   total 262144K, used 19948K [0x00000000e0000000, 0x0000000100000000)
  region size 1024K, 13 young (13312K), 1 survivors (1024K)
 Metaspace       used 3996K, capacity 6607K, committed 6656K, reserved 262144K
  class space    used 488K, capacity 729K, committed 768K, reserved 253952K
}
Event: 5.960 GC heap after
{Heap after GC invocations=3 (full 0):
 garbage-first heap   total 262144K, used 9053K [0x00000000e0000000, 0x0000000100000000)
  region size 1024K, 2 young (2048K), 2 survivors (2048K)
 Metaspace       used 3996K, capacity 6607K, committed 6656K, reserved 262144K
  class space    used 488K, capacity 729K, committed 768K, reserved 253952K
}
Event: 8.117 GC heap before
{Heap before GC invocations=3 (full 0):
 garbage-first heap   total 262144K, used 32605K [0x00000000e0000000, 0x0000000100000000)
  region size 1024K, 26 young (26624K), 2 survivors (2048K)
 Metaspace       used 4634K, capacity 7079K, committed 7296K, reserved 262144K
  class space    used 611K, capacity 865K, committed 896K, reserved 253952K
}
Event: 8.130 GC heap after
{Heap after GC invocations=4 (full 0):
 garbage-first heap   total 262144K, used 13527K [0x00000000e0000000, 0x0000000100000000)
  region size 1024K, 4 young (4096K), 4 survivors (4096K)
 Metaspace       used 4634K, capacity 7079K, committed 7296K, reserved 262144K
  class space    used 611K, capacity 865K, committed 896K, reserved 253952K
}

Deoptimization events (20 events):
Event: 10.878 Thread 0x000002436d1a49f0 Uncommon trap: trap_request=0xffffff45 fr.pc=0x0000024361a6ace4 relative=0x0000000000000224
Event: 10.878 Thread 0x000002436d1a49f0 Uncommon trap: reason=unstable_if action=reinterpret pc=0x0000024361a6ace4 method=java.util.regex.Matcher.reset()Ljava/util/regex/Matcher; @ 71 c2
Event: 10.878 Thread 0x000002436d1a49f0 DEOPT PACKING pc=0x0000024361a6ace4 sp=0x0000006edaef8650
Event: 10.878 Thread 0x000002436d1a49f0 DEOPT UNPACKING pc=0x0000024359f9e129 sp=0x0000006edaef85d8 mode 2
Event: 10.878 Thread 0x000002436d1a49f0 Uncommon trap: trap_request=0xffffff45 fr.pc=0x0000024361a29cb4 relative=0x00000000000005b4
Event: 10.878 Thread 0x000002436d1a49f0 Uncommon trap: reason=unstable_if action=reinterpret pc=0x0000024361a29cb4 method=java.util.regex.Matcher.match(II)Z @ 76 c2
Event: 10.878 Thread 0x000002436d1a49f0 DEOPT PACKING pc=0x0000024361a29cb4 sp=0x0000006edaef8690
Event: 10.878 Thread 0x000002436d1a49f0 DEOPT UNPACKING pc=0x0000024359f9e129 sp=0x0000006edaef8650 mode 2
Event: 11.016 Thread 0x000002436d1a49f0 Uncommon trap: trap_request=0xffffffc6 fr.pc=0x0000024361a71c24 relative=0x0000000000000084
Event: 11.016 Thread 0x000002436d1a49f0 Uncommon trap: reason=bimorphic_or_optimized_type_check action=maybe_recompile pc=0x0000024361a71c24 method=java.util.AbstractList$Itr.hasNext()Z @ 8 c2
Event: 11.016 Thread 0x000002436d1a49f0 DEOPT PACKING pc=0x0000024361a71c24 sp=0x0000006edaefadf0
Event: 11.016 Thread 0x000002436d1a49f0 DEOPT UNPACKING pc=0x0000024359f9e129 sp=0x0000006edaefad88 mode 2
Event: 11.016 Thread 0x000002436d1a49f0 Uncommon trap: trap_request=0xffffffc6 fr.pc=0x0000024361a71fb4 relative=0x0000000000000114
Event: 11.016 Thread 0x000002436d1a49f0 Uncommon trap: reason=bimorphic_or_optimized_type_check action=maybe_recompile pc=0x0000024361a71fb4 method=java.util.AbstractList$Itr.next()Ljava/lang/Object; @ 14 c2
Event: 11.016 Thread 0x000002436d1a49f0 DEOPT PACKING pc=0x0000024361a71fb4 sp=0x0000006edaefade0
Event: 11.016 Thread 0x000002436d1a49f0 DEOPT UNPACKING pc=0x0000024359f9e129 sp=0x0000006edaefad78 mode 2
Event: 11.018 Thread 0x000002436d1a49f0 Uncommon trap: trap_request=0xffffff45 fr.pc=0x0000024361a6e54c relative=0x000000000000058c
Event: 11.018 Thread 0x000002436d1a49f0 Uncommon trap: reason=unstable_if action=reinterpret pc=0x0000024361a6e54c method=java.io.File.getName()Ljava/lang/String; @ 16 c2
Event: 11.018 Thread 0x000002436d1a49f0 DEOPT PACKING pc=0x0000024361a6e54c sp=0x0000006edaefb8e0
Event: 11.018 Thread 0x000002436d1a49f0 DEOPT UNPACKING pc=0x0000024359f9e129 sp=0x0000006edaefb8b0 mode 2

Classes unloaded (0 events):
No events

Classes redefined (0 events):
No events

Internal exceptions (20 events):
Event: 9.685 Thread 0x000002436cee5bf0 Exception <a 'java/lang/NoSuchMethodError'{0x00000000ef4ae400}: static Lorg/gradle/tooling/internal/provider/SubscribableBuildAction;.<clinit>()V> (0x00000000ef4ae400) 
thrown [./open/src/hotspot/share/prims/jni.cpp, line 1204]
Event: 9.689 Thread 0x000002436cee5bf0 Exception <a 'java/lang/NoSuchMethodError'{0x00000000ef4b6658}: static Lorg/gradle/tooling/internal/provider/BuildModelAction;.<clinit>()V> (0x00000000ef4b6658) 
thrown [./open/src/hotspot/share/prims/jni.cpp, line 1204]
Event: 9.697 Thread 0x000002436cee5bf0 Exception <a 'java/lang/NoSuchMethodError'{0x00000000ef4c5fb8}: static Lorg/gradle/internal/build/event/BuildEventSubscriptions;.<clinit>()V> (0x00000000ef4c5fb8) 
thrown [./open/src/hotspot/share/prims/jni.cpp, line 1204]
Event: 9.722 Thread 0x000002436cee5bf0 Exception <a 'java/lang/NoSuchMethodError'{0x00000000ef4f7170}: static Ljava/lang/Object;.<clinit>()V> (0x00000000ef4f7170) 
thrown [./open/src/hotspot/share/prims/jni.cpp, line 1204]
Event: 9.727 Thread 0x000002436cee5bf0 Exception <a 'java/lang/NoSuchMethodError'{0x00000000ef312450}: static Lorg/gradle/api/internal/StartParameterInternal;.<clinit>()V> (0x00000000ef312450) 
thrown [./open/src/hotspot/share/prims/jni.cpp, line 1204]
Event: 9.745 Thread 0x000002436cee5bf0 Exception <a 'java/lang/NoSuchMethodError'{0x00000000ef34ba68}: static Lorg/gradle/internal/logging/DefaultLoggingConfiguration;.<clinit>()V> (0x00000000ef34ba68) 
thrown [./open/src/hotspot/share/prims/jni.cpp, line 1204]
Event: 9.749 Thread 0x000002436cee5bf0 Exception <a 'java/lang/NoSuchMethodError'{0x00000000ef358d60}: static Ljava/lang/Object;.<clinit>()V> (0x00000000ef358d60) 
thrown [./open/src/hotspot/share/prims/jni.cpp, line 1204]
Event: 9.764 Thread 0x000002436cee5bf0 Exception <a 'java/lang/NoSuchMethodError'{0x00000000ef37c448}: static Lorg/gradle/internal/DefaultTaskExecutionRequest;.<clinit>()V> (0x00000000ef37c448) 
thrown [./open/src/hotspot/share/prims/jni.cpp, line 1204]
Event: 10.145 Thread 0x000002436d1a49f0 Exception <a 'java/lang/NoSuchMethodError'{0x00000000ef059320}: 'void java.lang.invoke.DirectMethodHandle$Holder.invokeVirtual(java.lang.Object, java.lang.Object, java.lang.Object, java.lang.Object)'> (0x00000000ef059320) 
thrown [./open/src/hotspot/share/interpreter/linkResolver.cpp, line 782]
Event: 10.147 Thread 0x000002436d1a49f0 Exception <a 'java/lang/NoSuchMethodError'{0x00000000ef063780}: 'void java.lang.invoke.DirectMethodHandle$Holder.invokeSpecial(java.lang.Object, java.lang.Object, java.lang.Object, java.lang.Object, java.lang.Object)'> (0x00000000ef063780) 
thrown [./open/src/hotspot/share/interpreter/linkResolver.cpp, line 782]
Event: 10.149 Thread 0x000002436d1a49f0 Exception <a 'java/lang/NoSuchMethodError'{0x00000000ef06b208}: 'java.lang.Object java.lang.invoke.Invokers$Holder.invoker(java.lang.Object, java.lang.Object, java.lang.Object, java.lang.Object)'> (0x00000000ef06b208) 
thrown [./open/src/hotspot/share/interpreter/linkResolver.cpp, line 782]
Event: 10.168 Thread 0x000002436d1a49f0 Exception <a 'java/lang/NoSuchMethodError'{0x00000000ef0a0700}: 'long java.lang.invoke.DirectMethodHandle$Holder.invokeInterface(java.lang.Object, java.lang.Object)'> (0x00000000ef0a0700) 
thrown [./open/src/hotspot/share/interpreter/linkResolver.cpp, line 782]
Event: 10.173 Thread 0x000002436d1a49f0 Exception <a 'java/lang/NoSuchMethodError'{0x00000000ef0be8e8}: 'void java.lang.invoke.DelegatingMethodHandle$Holder.reinvoke_L(java.lang.Object, java.lang.Object, java.lang.Object, java.lang.Object, java.lang.Object, java.lang.Object, java.lang.Object)'> (0x00000000ef0be8e8) 
thrown [./open/src/hotspot/share/interpreter/linkResolver.cpp, line 782]
Event: 10.733 Thread 0x000002436d1a49f0 Exception <a 'java/lang/NoSuchMethodError'{0x00000000ee7c9110}: 'java.lang.Object java.lang.invoke.DirectMethodHandle$Holder.invokeVirtual(java.lang.Object, java.lang.Object, java.lang.Object)'> (0x00000000ee7c9110) 
thrown [./open/src/hotspot/share/interpreter/linkResolver.cpp, line 782]
Event: 10.836 Thread 0x000002436d1a49f0 Exception <a 'java/lang/NoSuchMethodError'{0x00000000ee1811b8}: 'void java.lang.invoke.DirectMethodHandle$Holder.invokeStaticInit(java.lang.Object)'> (0x00000000ee1811b8) 
thrown [./open/src/hotspot/share/interpreter/linkResolver.cpp, line 782]
Event: 11.134 Thread 0x000002436d1a49f0 Exception <a 'java/lang/NoSuchMethodError'{0x00000000edb82d88}: 'int java.lang.invoke.DirectMethodHandle$Holder.invokeSpecialIFC(java.lang.Object, java.lang.Object, java.lang.Object, java.lang.Object)'> (0x00000000edb82d88) 
thrown [./open/src/hotspot/share/interpreter/linkResolver.cpp, line 782]
Event: 11.145 Thread 0x000002436d1a49f0 Exception <a 'java/lang/NoSuchMethodError'{0x00000000edb96e10}: 'java.lang.Object java.lang.invoke.DirectMethodHandle$Holder.invokeInterface(java.lang.Object, java.lang.Object, java.lang.Object)'> (0x00000000edb96e10) 
thrown [./open/src/hotspot/share/interpreter/linkResolver.cpp, line 782]
Event: 11.146 Thread 0x000002436d1a49f0 Exception <a 'java/lang/IncompatibleClassChangeError'{0x00000000edb9abf8}: Found class java.lang.Object, but interface was expected> (0x00000000edb9abf8) 
thrown [./open/src/hotspot/share/interpreter/linkResolver.cpp, line 848]
Event: 11.265 Thread 0x000002436d1a49f0 Exception <a 'java/lang/NoSuchMethodError'{0x00000000ed917888}: 'int java.lang.invoke.DirectMethodHandle$Holder.invokeStatic(java.lang.Object, java.lang.Object, java.lang.Object, java.lang.Object)'> (0x00000000ed917888) 
thrown [./open/src/hotspot/share/interpreter/linkResolver.cpp, line 782]
Event: 11.266 Thread 0x000002436d1a49f0 Exception <a 'java/lang/NoSuchMethodError'{0x00000000ed91b688}: 'java.lang.Object java.lang.invoke.Invokers$Holder.invokeExact_MT(java.lang.Object, java.lang.Object, java.lang.Object, java.lang.Object, java.lang.Object, java.lang.Object)'> (0x00000000ed91b688) 
thrown [./open/src/hotspot/share/interpreter/linkResolver.cpp, line 782]

Events (20 events):
Event: 11.108 loading class java/nio/file/FileSystemException
Event: 11.109 loading class java/nio/file/FileSystemException done
Event: 11.109 loading class java/nio/file/NoSuchFileException done
Event: 11.110 loading class java/nio/file/attribute/PosixFilePermissions
Event: 11.111 loading class java/nio/file/attribute/PosixFilePermissions done
Event: 11.111 loading class java/util/RegularEnumSet$EnumSetIterator
Event: 11.111 loading class java/util/RegularEnumSet$EnumSetIterator done
Event: 11.112 loading class java/nio/file/attribute/PosixFilePermissions$1
Event: 11.112 loading class java/nio/file/attribute/PosixFilePermissions$1 done
Event: 11.119 loading class java/util/concurrent/locks/ReadWriteLock
Event: 11.119 loading class java/util/concurrent/locks/ReadWriteLock done
Event: 11.128 loading class java/nio/file/FileVisitor
Event: 11.128 loading class java/nio/file/FileVisitor done
Event: 11.129 loading class java/nio/file/FileVisitOption
Event: 11.129 loading class java/nio/file/FileVisitOption done
Event: 11.147 loading class java/util/stream/ReduceOps$1
Event: 11.148 loading class java/util/stream/ReduceOps$1 done
Event: 11.148 loading class java/util/stream/ReduceOps$1ReducingSink
Event: 11.148 loading class java/util/stream/ReduceOps$1ReducingSink done
Event: 11.324 Thread 0x000002436e763a40 Thread added: 0x000002436e763a40


Dynamic libraries:
0x00007ff6955b0000 - 0x00007ff6955bf000 	C:\Program Files\Java\jdk-15.0.1\bin\java.exe
0x00007ffe2dfa0000 - 0x00007ffe2e190000 	C:\Windows\SYSTEM32\ntdll.dll
0x00007ffe2d0f0000 - 0x00007ffe2d1a2000 	C:\Windows\System32\KERNEL32.DLL
0x00007ffe2b9c0000 - 0x00007ffe2bc65000 	C:\Windows\System32\KERNELBASE.dll
0x00007ffe2b810000 - 0x00007ffe2b90a000 	C:\Windows\System32\ucrtbase.dll
0x00007ffe26dc0000 - 0x00007ffe26dd8000 	C:\Program Files\Java\jdk-15.0.1\bin\jli.dll
0x00007ffe2d280000 - 0x00007ffe2d323000 	C:\Windows\System32\ADVAPI32.dll
0x00007ffe2dd10000 - 0x00007ffe2ddae000 	C:\Windows\System32\msvcrt.dll
0x00007ffe2dc70000 - 0x00007ffe2dd07000 	C:\Windows\System32\sechost.dll
0x00007ffe2c160000 - 0x00007ffe2c27f000 	C:\Windows\System32\RPCRT4.dll
0x00007ffe2ddb0000 - 0x00007ffe2df44000 	C:\Windows\System32\USER32.dll
0x00007ffe2af20000 - 0x00007ffe2af41000 	C:\Windows\System32\win32u.dll
0x00007ffe2d0c0000 - 0x00007ffe2d0e6000 	C:\Windows\System32\GDI32.dll
0x00007ffe2bca0000 - 0x00007ffe2be38000 	C:\Windows\System32\gdi32full.dll
0x00007ffe2bfb0000 - 0x00007ffe2c04e000 	C:\Windows\System32\msvcp_win.dll
0x00007ffe26de0000 - 0x00007ffe26df9000 	C:\Program Files\Java\jdk-15.0.1\bin\VCRUNTIME140.dll
0x00007ffe16f80000 - 0x00007ffe17204000 	C:\Windows\WinSxS\amd64_microsoft.windows.common-controls_6595b64144ccf1df_6.0.18362.1379_none_9e7ff3b3e45cc0c4\COMCTL32.dll
0x00007ffe2c2e0000 - 0x00007ffe2c617000 	C:\Windows\System32\combase.dll
0x00007ffe2afb0000 - 0x00007ffe2b031000 	C:\Windows\System32\bcryptPrimitives.dll
0x00007ffe21220000 - 0x00007ffe2122a000 	C:\Windows\SYSTEM32\VERSION.dll
0x00007ffe2c050000 - 0x00007ffe2c07e000 	C:\Windows\System32\IMM32.DLL
0x00007ffe26db0000 - 0x00007ffe26dbc000 	C:\Program Files\Java\jdk-15.0.1\bin\vcruntime140_1.dll
0x00007ffe0aee0000 - 0x00007ffe0af71000 	C:\Program Files\Java\jdk-15.0.1\bin\msvcp140.dll
0x00007ffdee3a0000 - 0x00007ffdeeefe000 	C:\Program Files\Java\jdk-15.0.1\bin\server\jvm.dll
0x00007ffe2df50000 - 0x00007ffe2df58000 	C:\Windows\System32\PSAPI.DLL
0x00007ffe248e0000 - 0x00007ffe248e9000 	C:\Windows\SYSTEM32\WSOCK32.dll
0x00007ffe2d330000 - 0x00007ffe2d39f000 	C:\Windows\System32\WS2_32.dll
0x00007ffe28500000 - 0x00007ffe28524000 	C:\Windows\SYSTEM32\WINMM.dll
0x00007ffe284d0000 - 0x00007ffe284fd000 	C:\Windows\SYSTEM32\WINMMBASE.dll
0x00007ffe2b040000 - 0x00007ffe2b08a000 	C:\Windows\System32\cfgmgr32.dll
0x00007ffe2ae60000 - 0x00007ffe2ae71000 	C:\Windows\System32\kernel.appcore.dll
0x00007ffe248d0000 - 0x00007ffe248da000 	C:\Program Files\Java\jdk-15.0.1\bin\jimage.dll
0x00007ffe29750000 - 0x00007ffe29944000 	C:\Windows\SYSTEM32\DBGHELP.DLL
0x00007ffe15c80000 - 0x00007ffe15caa000 	C:\Windows\SYSTEM32\dbgcore.DLL
0x00007ffe248a0000 - 0x00007ffe248c5000 	C:\Program Files\Java\jdk-15.0.1\bin\java.dll
0x00007ffe2d420000 - 0x00007ffe2db08000 	C:\Windows\System32\SHELL32.dll
0x00007ffe2cad0000 - 0x00007ffe2cb77000 	C:\Windows\System32\shcore.dll
0x00007ffe2b090000 - 0x00007ffe2b80b000 	C:\Windows\System32\windows.storage.dll
0x00007ffe2ae80000 - 0x00007ffe2aea3000 	C:\Windows\System32\profapi.dll
0x00007ffe2aeb0000 - 0x00007ffe2aefa000 	C:\Windows\System32\powrprof.dll
0x00007ffe2ae50000 - 0x00007ffe2ae60000 	C:\Windows\System32\UMPDC.dll
0x00007ffe2c8b0000 - 0x00007ffe2c902000 	C:\Windows\System32\shlwapi.dll
0x00007ffe2be40000 - 0x00007ffe2be57000 	C:\Windows\System32\cryptsp.dll
0x00007ffe16650000 - 0x00007ffe16669000 	C:\Program Files\Java\jdk-15.0.1\bin\net.dll
0x00007ffe1ced0000 - 0x00007ffe1cfc0000 	C:\Windows\SYSTEM32\WINHTTP.dll
0x00007ffe2a630000 - 0x00007ffe2a697000 	C:\Windows\system32\mswsock.dll
0x00007ffe16560000 - 0x00007ffe16572000 	C:\Program Files\Java\jdk-15.0.1\bin\nio.dll
0x00007ffe114a0000 - 0x00007ffe114b8000 	C:\Program Files\Java\jdk-15.0.1\bin\zip.dll
0x00007ffe23de0000 - 0x00007ffe23df0000 	C:\Program Files\Java\jdk-15.0.1\bin\verify.dll
0x00007ffe0ae80000 - 0x00007ffe0aea6000 	C:\Users\evqen\.gradle\native\fdc75f09e3144964f2cf3f50f0aa648679c211496f362492102eb8c894070792\windows-amd64\native-platform.dll
0x00007ffdf3c10000 - 0x00007ffdf3da1000 	C:\Users\evqen\.gradle\native\12488b8bf47d2d4c9fbf2f6322a914ad602e24e48041cd04a747c6da556b65c4\windows-amd64\native-platform-file-events.dll
0x00007ffe23630000 - 0x00007ffe23639000 	C:\Program Files\Java\jdk-15.0.1\bin\management.dll
0x00007ffe1d0d0000 - 0x00007ffe1d0db000 	C:\Program Files\Java\jdk-15.0.1\bin\management_ext.dll
0x00007ffe2a1b0000 - 0x00007ffe2a1e3000 	C:\Windows\system32\rsaenh.dll
0x00007ffe2bc70000 - 0x00007ffe2bc96000 	C:\Windows\System32\bcrypt.dll
0x00007ffe2ad30000 - 0x00007ffe2ad55000 	C:\Windows\SYSTEM32\USERENV.dll
0x00007ffe2ac70000 - 0x00007ffe2ac7c000 	C:\Windows\SYSTEM32\CRYPTBASE.dll
0x00007ffe2a340000 - 0x00007ffe2a37a000 	C:\Windows\SYSTEM32\IPHLPAPI.DLL
0x00007ffe2c910000 - 0x00007ffe2c918000 	C:\Windows\System32\NSI.dll
0x00007ffe1b190000 - 0x00007ffe1b1a6000 	C:\Windows\SYSTEM32\dhcpcsvc6.DLL
0x00007ffe1d770000 - 0x00007ffe1d78c000 	C:\Windows\SYSTEM32\dhcpcsvc.DLL
0x00007ffe2a380000 - 0x00007ffe2a44b000 	C:\Windows\SYSTEM32\DNSAPI.dll
0x00007ffe1dbc0000 - 0x00007ffe1dbcb000 	C:\Windows\SYSTEM32\WINNSI.DLL

dbghelp: loaded successfully - version: 4.0.5 - missing functions: none
symbol engine: initialized successfully - sym options: 0x614 - pdb path: .;C:\Program Files\Java\jdk-15.0.1\bin;C:\Windows\SYSTEM32;C:\Windows\WinSxS\amd64_microsoft.windows.common-controls_6595b64144ccf1df_6.0.18362.1379_none_9e7ff3b3e45cc0c4;C:\Program Files\Java\jdk-15.0.1\bin\server;C:\Users\evqen\.gradle\native\fdc75f09e3144964f2cf3f50f0aa648679c211496f362492102eb8c894070792\windows-amd64;C:\Users\evqen\.gradle\native\12488b8bf47d2d4c9fbf2f6322a914ad602e24e48041cd04a747c6da556b65c4\windows-amd64

VM Arguments:
jvm_args: --add-opens=java.base/java.util=ALL-UNNAMED --add-opens=java.base/java.lang=ALL-UNNAMED --add-opens=java.base/java.lang.invoke=ALL-UNNAMED --add-opens=java.prefs/java.util.prefs=ALL-UNNAMED -XX:MaxMetaspaceSize=256m -XX:+HeapDumpOnOutOfMemoryError -Xms256m -Xmx512m -Dfile.encoding=windows-1250 -Duser.country=PL -Duser.language=pl -Duser.variant 
java_command: org.gradle.launcher.daemon.bootstrap.GradleDaemon 6.7.1
java_class_path (initial): C:\Users\evqen\.gradle\wrapper\dists\gradle-6.7.1-bin\bwlcbys1h7rz3272sye1xwiv6\gradle-6.7.1\lib\gradle-launcher-6.7.1.jar
Launcher Type: SUN_STANDARD

[Global flags]
     intx CICompilerCount                          = 2                                         {product} {ergonomic}
   size_t CompressedClassSpaceSize                 = 260046848                                 {product} {ergonomic}
     uint ConcGCThreads                            = 1                                         {product} {ergonomic}
     uint G1ConcRefinementThreads                  = 2                                         {product} {ergonomic}
   size_t G1HeapRegionSize                         = 1048576                                   {product} {ergonomic}
    uintx GCDrainStackTargetSize                   = 64                                        {product} {ergonomic}
     bool HeapDumpOnOutOfMemoryError               = true                                   {manageable} {command line}
   size_t InitialHeapSize                          = 268435456                                 {product} {command line}
   size_t MarkStackSize                            = 4194304                                   {product} {ergonomic}
   size_t MaxHeapSize                              = 536870912                                 {product} {command line}
   size_t MaxMetaspaceSize                         = 268435456                                 {product} {command line}
   size_t MaxNewSize                               = 321912832                                 {product} {ergonomic}
   size_t MinHeapDeltaBytes                        = 1048576                                   {product} {ergonomic}
   size_t MinHeapSize                              = 268435456                                 {product} {command line}
    uintx NonNMethodCodeHeapSize                   = 5826188                                {pd product} {ergonomic}
    uintx NonProfiledCodeHeapSize                  = 122916026                              {pd product} {ergonomic}
    uintx ProfiledCodeHeapSize                     = 122916026                              {pd product} {ergonomic}
    uintx ReservedCodeCacheSize                    = 251658240                              {pd product} {ergonomic}
     bool SegmentedCodeCache                       = true                                      {product} {ergonomic}
   size_t SoftMaxHeapSize                          = 536870912                              {manageable} {ergonomic}
     bool UseCompressedClassPointers               = true                                 {lp64_product} {ergonomic}
     bool UseCompressedOops                        = true                                 {lp64_product} {ergonomic}
     bool UseG1GC                                  = true                                      {product} {ergonomic}
     bool UseLargePagesIndividualAllocation        = false                                  {pd product} {ergonomic}

Logging:
Log output configuration:
 #0: stdout all=warning uptime,level,tags
 #1: stderr all=off uptime,level,tags

Environment Variables:
JAVA_HOME=C:\Program Files\Java\jdk-15.0.1
PATH=C:\Program Files\Common Files\Oracle\Java\javapath;C:\Windows\system32;C:\Windows;C:\Windows\System32\Wbem;C:\Windows\System32\WindowsPowerShell\v1.0\;C:\Windows\System32\OpenSSH\;C:\Program Files\Java\jdk-15.0.1\bin;C:\Program Files\Git\cmd;C:\gradle-6.7\bin;C:\Program Files\MySQL\MySQL Shell 8.0\bin\;C:\Users\evqen\AppData\Local\Microsoft\WindowsApps;
USERNAME=evqen
OS=Windows_NT
PROCESSOR_IDENTIFIER=Intel64 Family 6 Model 122 Stepping 1, GenuineIntel



---------------  S Y S T E M  ---------------

OS:
 Windows 10 , 64 bit Build 18362 (10.0.18362.1350)
OS uptime: 4 days 15:52 hours

CPU: total 2 (initial active 2) (2 cores per cpu, 1 threads per core) family 6 model 122 stepping 1 microcode 0x2e, cmov, cx8, fxsr, mmx, sse, sse2, sse3, ssse3, sse4.1, sse4.2, popcnt, aes, clmul, erms, 3dnowpref, tsc, tscinvbit, sha, clflush, clflushopt

Memory: 4k page, system-wide physical 3919M (255M free)
TotalPageFile size 11258M (AvailPageFile size 5M)
current process WorkingSet (physical memory assigned to process): 133M, peak: 133M
current process commit charge ("private bytes"): 381M, peak: 382M

vm_info: Java HotSpot(TM) 64-Bit Server VM (15.0.1+9-18) for windows-amd64 JRE (15.0.1+9-18), built on Sep 15 2020 14:43:54 by "mach5one" with unknown MS VC++:1925

END.
